[debug] [2018-10-06T02:34:45.458Z] ----------------------------------------------------------------------
[debug] [2018-10-06T02:34:45.468Z] Command:       /home/amir/.nvm/versions/node/v6.11.0/bin/node /home/amir/.nvm/versions/node/v6.11.0/bin/firebase deploy
[debug] [2018-10-06T02:34:45.470Z] CLI Version:   4.2.1
[debug] [2018-10-06T02:34:45.470Z] Platform:      linux
[debug] [2018-10-06T02:34:45.470Z] Node Version:  v6.11.0
[debug] [2018-10-06T02:34:45.471Z] Time:          Sat Oct 06 2018 03:34:45 GMT+0100 (BST)
[debug] [2018-10-06T02:34:45.471Z] ----------------------------------------------------------------------
[debug] 
[debug] [2018-10-06T02:34:45.510Z] > command requires scopes: ["email","openid","https://www.googleapis.com/auth/cloudplatformprojects.readonly","https://www.googleapis.com/auth/firebase","https://www.googleapis.com/auth/cloud-platform"]
[debug] [2018-10-06T02:34:45.511Z] > authorizing via signed-in user
[debug] [2018-10-06T02:34:45.521Z] >>> HTTP REQUEST GET https://admin.firebase.com/v1/projects/letsdayout-9783f  
 
[debug] [2018-10-06T02:34:46.264Z] <<< HTTP RESPONSE 200
[debug] [2018-10-06T02:35:07.925Z] ----------------------------------------------------------------------
[debug] [2018-10-06T02:35:07.935Z] Command:       /home/amir/.nvm/versions/node/v6.11.0/bin/node /home/amir/.nvm/versions/node/v6.11.0/bin/firebase deploy --only functions
[debug] [2018-10-06T02:35:07.936Z] CLI Version:   4.2.1
[debug] [2018-10-06T02:35:07.937Z] Platform:      linux
[debug] [2018-10-06T02:35:07.937Z] Node Version:  v6.11.0
[debug] [2018-10-06T02:35:07.937Z] Time:          Sat Oct 06 2018 03:35:07 GMT+0100 (BST)
[debug] [2018-10-06T02:35:07.937Z] ----------------------------------------------------------------------
[debug] 
[debug] [2018-10-06T02:35:07.975Z] > command requires scopes: ["email","openid","https://www.googleapis.com/auth/cloudplatformprojects.readonly","https://www.googleapis.com/auth/firebase","https://www.googleapis.com/auth/cloud-platform"]
[debug] [2018-10-06T02:35:07.976Z] > authorizing via signed-in user
[debug] [2018-10-06T02:35:07.986Z] >>> HTTP REQUEST GET https://admin.firebase.com/v1/projects/letsdayout-9783f  
 
[debug] [2018-10-06T02:35:08.765Z] <<< HTTP RESPONSE 200
[info] 
[info] === Deploying to 'letsdayout-9783f'...
[info] 
[info] i  deploying functions
[info] Running command: npm --prefix "$RESOURCE_DIR" run lint
[info] ✔  functions: Finished running predeploy script.
[debug] [2018-10-06T02:35:19.917Z] > [functions] package.json contents: {
  "name": "functions",
  "description": "Cloud Functions for Firebase",
  "scripts": {
    "lint": "eslint .",
    "serve": "firebase serve --only functions",
    "shell": "firebase functions:shell",
    "start": "npm run shell",
    "deploy": "firebase deploy --only functions",
    "logs": "firebase functions:log"
  },
  "dependencies": {
    "@google-cloud/datastore": "^1.4.1",
    "@google-cloud/storage": "^1.7.0",
    "firebase": "^5.3.1",
    "firebase-admin": "^5.13.1",
    "firebase-functions": "^2.0.2",
    "firebaseui": "^3.2.0",
    "stripe": "^6.11.0"
  },
  "devDependencies": {
    "eslint": "^4.12.0",
    "eslint-plugin-promise": "^3.6.0"
  },
  "private": true
}
[info] i  functions: ensuring necessary APIs are enabled...
[debug] [2018-10-06T02:35:19.922Z] >>> HTTP REQUEST GET https://servicemanagement.googleapis.com/v1/services/cloudfunctions.googleapis.com/projectSettings/letsdayout-9783f?view=CONSUMER_VIEW  
 
[debug] [2018-10-06T02:35:19.926Z] >>> HTTP REQUEST GET https://servicemanagement.googleapis.com/v1/services/runtimeconfig.googleapis.com/projectSettings/letsdayout-9783f?view=CONSUMER_VIEW  
 
[debug] [2018-10-06T02:35:21.287Z] <<< HTTP RESPONSE 200
[debug] [2018-10-06T02:35:21.297Z] <<< HTTP RESPONSE 200
[info] ✔  functions: all necessary APIs are enabled
[debug] [2018-10-06T02:35:21.300Z] >>> HTTP REQUEST GET https://cloudresourcemanager.googleapis.com/v1/projects/letsdayout-9783f  
 
[debug] [2018-10-06T02:35:22.129Z] <<< HTTP RESPONSE 200
[debug] [2018-10-06T02:35:22.131Z] >>> HTTP REQUEST GET https://mobilesdk-pa.googleapis.com/v1/projects/438112567124:getServerAppConfig  
 
[debug] [2018-10-06T02:35:22.426Z] <<< HTTP RESPONSE 200
[info] i  functions: preparing functions directory for uploading...
[debug] [2018-10-06T02:35:22.433Z] >>> HTTP REQUEST GET https://runtimeconfig.googleapis.com/v1beta1/projects/letsdayout-9783f/configs  
 
[debug] [2018-10-06T02:35:23.764Z] <<< HTTP RESPONSE 200
[debug] [2018-10-06T02:35:23.768Z] >>> HTTP REQUEST GET https://runtimeconfig.googleapis.com/v1beta1/projects/letsdayout-9783f/configs/stripe/variables  
 
[debug] [2018-10-06T02:35:24.041Z] <<< HTTP RESPONSE 200
[debug] [2018-10-06T02:35:24.044Z] >>> HTTP REQUEST GET https://runtimeconfig.googleapis.com/v1beta1/projects/letsdayout-9783f/configs/stripe/variables/token  
 
[debug] [2018-10-06T02:35:24.944Z] <<< HTTP RESPONSE 200
[info] i  functions: packaged functions (11.98 KB) for uploading
[debug] [2018-10-06T02:35:28.566Z] >>> HTTP REQUEST POST https://cloudfunctions.googleapis.com/v1/projects/letsdayout-9783f/locations/us-central1/functions:generateUploadUrl  
 
[debug] [2018-10-06T02:35:29.032Z] <<< HTTP RESPONSE 200
[debug] [2018-10-06T02:35:29.035Z] >>> HTTP REQUEST PUT https://storage.googleapis.com/gcf-upload-us-central1-0729e479-afe1-4d81-95cb-85b069467c0f/805d8ed7-2042-42f2-9fa6-7690854f2caa.zip?GoogleAccessId=service-438112567124@gcf-admin-robot.iam.gserviceaccount.com&Expires=1538795128&Signature=Q32uqrdPfZn6AB5WmfHuQl0B24x7hJilosFLBAbRVw8a%2BchkYSuAEs6BoByyOi4BsnqZlkvTlm7hNs3cD2b0vJNiRq2Cot5aHkByKxDmCXlMssE9zCYNy0PAY0Q2T9aFsG2HSJdNgJi18AjJ2OnWjOnPogKKDSRMILWyN8ByrzhYapEjYXifhJpugkT5lnSQW2R8Dj8oskMbUDgdpkCov66Jc7E2DfZYGxrZKEFE85pKb%2BJlexfnCSCoKvARQ%2FwvnY9%2FxE8eF7zB70yzf%2BYtf%2F7bh1%2F25IZAYKcco%2BLXV9JL05Y%2BiEMgsyvVrRNz3Ow1xofRwiJxh4KLqhlymwvzNg%3D%3D  

[debug] [2018-10-06T02:35:29.653Z] <<< HTTP RESPONSE 200
[info] ✔  functions: functions folder uploaded successfully
[debug] [2018-10-06T02:35:29.670Z] >>> HTTP REQUEST GET https://cloudfunctions.googleapis.com/v1/projects/letsdayout-9783f/locations/-/functions  
 
[debug] [2018-10-06T02:35:30.325Z] <<< HTTP RESPONSE 200
[info] i  functions: creating Node.js 6 function getUserEvents(us-central1)...
[debug] [2018-10-06T02:35:30.335Z] Trigger is:  {"httpsTrigger":{}}
[info] i  functions: updating Node.js 6 function createCustomer(us-central1)...
[debug] [2018-10-06T02:35:30.339Z] Trigger is:  {"httpsTrigger":{}}
[info] i  functions: updating Node.js 6 function createAccount(us-central1)...
[debug] [2018-10-06T02:35:30.341Z] Trigger is:  {"httpsTrigger":{}}
[info] i  functions: updating Node.js 6 function saveCharge(us-central1)...
[debug] [2018-10-06T02:35:30.343Z] Trigger is:  {"httpsTrigger":{}}
[info] i  functions: updating Node.js 6 function chargeCustomer(us-central1)...
[debug] [2018-10-06T02:35:30.344Z] Trigger is:  {"httpsTrigger":{}}
[info] i  functions: updating Node.js 6 function addAccount(us-central1)...
[debug] [2018-10-06T02:35:30.345Z] Trigger is:  {"httpsTrigger":{}}
[info] i  functions: updating Node.js 6 function addAttendee(us-central1)...
[debug] [2018-10-06T02:35:30.346Z] Trigger is:  {"httpsTrigger":{}}
[info] i  functions: updating Node.js 6 function addEvent(us-central1)...
[debug] [2018-10-06T02:35:30.347Z] Trigger is:  {"httpsTrigger":{}}
[info] i  functions: updating Node.js 6 function getUserEvent(us-central1)...
[debug] [2018-10-06T02:35:30.348Z] Trigger is:  {"httpsTrigger":{}}
[info] i  functions: updating Node.js 6 function getUserAccount(us-central1)...
[debug] [2018-10-06T02:35:30.349Z] Trigger is:  {"httpsTrigger":{}}
[info] i  functions: updating Node.js 6 function getUserAttendees(us-central1)...
[debug] [2018-10-06T02:35:30.349Z] Trigger is:  {"httpsTrigger":{}}
[info] i  functions: updating Node.js 6 function getEventAttendees(us-central1)...
[debug] [2018-10-06T02:35:30.351Z] Trigger is:  {"httpsTrigger":{}}
[info] i  functions: updating Node.js 6 function getMyExperiences(us-central1)...
[debug] [2018-10-06T02:35:30.352Z] Trigger is:  {"httpsTrigger":{}}
[info] i  functions: updating Node.js 6 function getAllExperiences(us-central1)...
[debug] [2018-10-06T02:35:30.353Z] Trigger is:  {"httpsTrigger":{}}
[info] i  functions: updating Node.js 6 function addExperience(us-central1)...
[debug] [2018-10-06T02:35:30.355Z] Trigger is:  {"httpsTrigger":{}}
[info] i  functions: updating Node.js 6 function signUpUser(us-central1)...
[debug] [2018-10-06T02:35:30.356Z] Trigger is:  {"httpsTrigger":{}}
[info] i  functions: updating Node.js 6 function hello(us-central1)...
[debug] [2018-10-06T02:35:30.357Z] Trigger is:  {"httpsTrigger":{}}
[info] i  functions: updating Node.js 6 function addMessage(us-central1)...
[debug] [2018-10-06T02:35:30.358Z] Trigger is:  {"httpsTrigger":{}}
[info] i  functions: updating Node.js 6 function toUpperCaseName(us-central1)...
[debug] [2018-10-06T02:35:30.361Z] Trigger is:  {"eventTrigger":{"resource":"projects/letsdayout-9783f/databases/(default)/documents/user/{userId}","eventType":"providers/cloud.firestore/eventTypes/document.write","service":"firestore.googleapis.com"}}
[info] i  functions: updating Node.js 6 function sign_up(us-central1)...
[debug] [2018-10-06T02:35:30.363Z] Trigger is:  {"httpsTrigger":{}}
[info] i  functions: updating Node.js 6 function NotifyFollowers(us-central1)...
[debug] [2018-10-06T02:35:30.364Z] Trigger is:  {"eventTrigger":{"resource":"projects/letsdayout-9783f/databases/(default)/documents/user/{userId}","eventType":"providers/cloud.firestore/eventTypes/document.write","service":"firestore.googleapis.com"}}
[debug] [2018-10-06T02:35:30.388Z] >>> HTTP REQUEST POST https://cloudfunctions.googleapis.com/v1/projects/letsdayout-9783f/locations/us-central1/functions  

[debug] [2018-10-06T02:35:30.401Z] >>> HTTP REQUEST PATCH https://cloudfunctions.googleapis.com/v1/projects/letsdayout-9783f/locations/us-central1/functions/createCustomer 
query params: {"updateMask":"sourceUploadUrl,name,labels,httpsTrigger"} 

[debug] [2018-10-06T02:35:30.414Z] >>> HTTP REQUEST PATCH https://cloudfunctions.googleapis.com/v1/projects/letsdayout-9783f/locations/us-central1/functions/createAccount 
query params: {"updateMask":"sourceUploadUrl,name,labels,httpsTrigger"} 

[debug] [2018-10-06T02:35:30.421Z] >>> HTTP REQUEST PATCH https://cloudfunctions.googleapis.com/v1/projects/letsdayout-9783f/locations/us-central1/functions/saveCharge 
query params: {"updateMask":"sourceUploadUrl,name,labels,httpsTrigger"} 

[debug] [2018-10-06T02:35:30.423Z] >>> HTTP REQUEST PATCH https://cloudfunctions.googleapis.com/v1/projects/letsdayout-9783f/locations/us-central1/functions/chargeCustomer 
query params: {"updateMask":"sourceUploadUrl,name,labels,httpsTrigger"} 

[debug] [2018-10-06T02:35:30.425Z] >>> HTTP REQUEST PATCH https://cloudfunctions.googleapis.com/v1/projects/letsdayout-9783f/locations/us-central1/functions/addAccount 
query params: {"updateMask":"sourceUploadUrl,name,labels,httpsTrigger"} 

[debug] [2018-10-06T02:35:30.426Z] >>> HTTP REQUEST PATCH https://cloudfunctions.googleapis.com/v1/projects/letsdayout-9783f/locations/us-central1/functions/addAttendee 
query params: {"updateMask":"sourceUploadUrl,name,labels,httpsTrigger"} 

[debug] [2018-10-06T02:35:30.427Z] >>> HTTP REQUEST PATCH https://cloudfunctions.googleapis.com/v1/projects/letsdayout-9783f/locations/us-central1/functions/addEvent 
query params: {"updateMask":"sourceUploadUrl,name,labels,httpsTrigger"} 

[debug] [2018-10-06T02:35:30.429Z] >>> HTTP REQUEST PATCH https://cloudfunctions.googleapis.com/v1/projects/letsdayout-9783f/locations/us-central1/functions/getUserEvent 
query params: {"updateMask":"sourceUploadUrl,name,labels,httpsTrigger"} 

[debug] [2018-10-06T02:35:30.430Z] >>> HTTP REQUEST PATCH https://cloudfunctions.googleapis.com/v1/projects/letsdayout-9783f/locations/us-central1/functions/getUserAccount 
query params: {"updateMask":"sourceUploadUrl,name,labels,httpsTrigger"} 

[debug] [2018-10-06T02:35:30.431Z] >>> HTTP REQUEST PATCH https://cloudfunctions.googleapis.com/v1/projects/letsdayout-9783f/locations/us-central1/functions/getUserAttendees 
query params: {"updateMask":"sourceUploadUrl,name,labels,httpsTrigger"} 

[debug] [2018-10-06T02:35:30.432Z] >>> HTTP REQUEST PATCH https://cloudfunctions.googleapis.com/v1/projects/letsdayout-9783f/locations/us-central1/functions/getEventAttendees 
query params: {"updateMask":"sourceUploadUrl,name,labels,httpsTrigger"} 

[debug] [2018-10-06T02:35:30.434Z] >>> HTTP REQUEST PATCH https://cloudfunctions.googleapis.com/v1/projects/letsdayout-9783f/locations/us-central1/functions/getMyExperiences 
query params: {"updateMask":"sourceUploadUrl,name,labels,httpsTrigger"} 

[debug] [2018-10-06T02:35:30.436Z] >>> HTTP REQUEST PATCH https://cloudfunctions.googleapis.com/v1/projects/letsdayout-9783f/locations/us-central1/functions/getAllExperiences 
query params: {"updateMask":"sourceUploadUrl,name,labels,httpsTrigger"} 

[debug] [2018-10-06T02:35:30.437Z] >>> HTTP REQUEST PATCH https://cloudfunctions.googleapis.com/v1/projects/letsdayout-9783f/locations/us-central1/functions/addExperience 
query params: {"updateMask":"sourceUploadUrl,name,labels,httpsTrigger"} 

[debug] [2018-10-06T02:35:30.439Z] >>> HTTP REQUEST PATCH https://cloudfunctions.googleapis.com/v1/projects/letsdayout-9783f/locations/us-central1/functions/signUpUser 
query params: {"updateMask":"sourceUploadUrl,name,labels,httpsTrigger"} 

[debug] [2018-10-06T02:35:30.441Z] >>> HTTP REQUEST PATCH https://cloudfunctions.googleapis.com/v1/projects/letsdayout-9783f/locations/us-central1/functions/hello 
query params: {"updateMask":"sourceUploadUrl,name,labels,httpsTrigger"} 

[debug] [2018-10-06T02:35:30.444Z] >>> HTTP REQUEST PATCH https://cloudfunctions.googleapis.com/v1/projects/letsdayout-9783f/locations/us-central1/functions/addMessage 
query params: {"updateMask":"sourceUploadUrl,name,labels,httpsTrigger"} 

[debug] [2018-10-06T02:35:30.446Z] >>> HTTP REQUEST PATCH https://cloudfunctions.googleapis.com/v1/projects/letsdayout-9783f/locations/us-central1/functions/toUpperCaseName 
query params: {"updateMask":"sourceUploadUrl,name,labels,eventTrigger.resource,eventTrigger.eventType,eventTrigger.service"} 

[debug] [2018-10-06T02:35:30.447Z] >>> HTTP REQUEST PATCH https://cloudfunctions.googleapis.com/v1/projects/letsdayout-9783f/locations/us-central1/functions/sign_up 
query params: {"updateMask":"sourceUploadUrl,name,labels,httpsTrigger"} 

[debug] [2018-10-06T02:35:30.451Z] >>> HTTP REQUEST PATCH https://cloudfunctions.googleapis.com/v1/projects/letsdayout-9783f/locations/us-central1/functions/NotifyFollowers 
query params: {"updateMask":"sourceUploadUrl,name,labels,eventTrigger.resource,eventTrigger.eventType,eventTrigger.service"} 

[debug] [2018-10-06T02:35:31.061Z] <<< HTTP RESPONSE 200
[debug] [2018-10-06T02:35:31.069Z] <<< HTTP RESPONSE 200
[debug] [2018-10-06T02:35:31.106Z] <<< HTTP RESPONSE 200
[debug] [2018-10-06T02:35:31.113Z] <<< HTTP RESPONSE 200
[debug] [2018-10-06T02:35:31.163Z] <<< HTTP RESPONSE 200
[debug] [2018-10-06T02:35:31.165Z] <<< HTTP RESPONSE 200
[debug] [2018-10-06T02:35:31.191Z] <<< HTTP RESPONSE 200
[debug] [2018-10-06T02:35:31.236Z] <<< HTTP RESPONSE 200
[debug] [2018-10-06T02:35:31.309Z] <<< HTTP RESPONSE 200
[debug] [2018-10-06T02:35:31.313Z] <<< HTTP RESPONSE 200
[debug] [2018-10-06T02:35:31.454Z] <<< HTTP RESPONSE 200
[debug] [2018-10-06T02:35:31.456Z] <<< HTTP RESPONSE 200
[debug] [2018-10-06T02:35:31.525Z] <<< HTTP RESPONSE 200
[debug] [2018-10-06T02:35:31.578Z] <<< HTTP RESPONSE 200
[debug] [2018-10-06T02:35:31.624Z] <<< HTTP RESPONSE 200
[debug] [2018-10-06T02:35:31.868Z] <<< HTTP RESPONSE 200
[debug] [2018-10-06T02:35:31.909Z] <<< HTTP RESPONSE 200
[debug] [2018-10-06T02:35:32.008Z] <<< HTTP RESPONSE 200
[debug] [2018-10-06T02:35:32.012Z] <<< HTTP RESPONSE 200
[debug] [2018-10-06T02:35:33.872Z] <<< HTTP RESPONSE 200
[debug] [2018-10-06T02:35:33.875Z] <<< HTTP RESPONSE 200
[debug] [2018-10-06T02:35:33.881Z] >>> HTTP REQUEST GET https://cloudfunctions.googleapis.com/v1/projects/letsdayout-9783f/locations/-/functions  
 
[debug] [2018-10-06T02:35:34.517Z] <<< HTTP RESPONSE 200
[debug] [2018-10-06T02:35:34.534Z] >>> HTTP REQUEST GET https://cloudfunctions.googleapis.com/v1/operations/bGV0c2RheW91dC05NzgzZi91cy1jZW50cmFsMS9nZXRVc2VyRXZlbnRzL0I3aTNFdDNueThv  
 
[debug] [2018-10-06T02:35:34.536Z] >>> HTTP REQUEST GET https://cloudfunctions.googleapis.com/v1/operations/bGV0c2RheW91dC05NzgzZi91cy1jZW50cmFsMS9jcmVhdGVDdXN0b21lci9sZHJBYjg1YXVOcw  
 
[debug] [2018-10-06T02:35:34.541Z] >>> HTTP REQUEST GET https://cloudfunctions.googleapis.com/v1/operations/bGV0c2RheW91dC05NzgzZi91cy1jZW50cmFsMS9jcmVhdGVBY2NvdW50L3htR2RJVl9IaUdV  
 
[debug] [2018-10-06T02:35:34.543Z] >>> HTTP REQUEST GET https://cloudfunctions.googleapis.com/v1/operations/bGV0c2RheW91dC05NzgzZi91cy1jZW50cmFsMS9zYXZlQ2hhcmdlL0VJTkxqcUgwcmVj  
 
[debug] [2018-10-06T02:35:34.544Z] >>> HTTP REQUEST GET https://cloudfunctions.googleapis.com/v1/operations/bGV0c2RheW91dC05NzgzZi91cy1jZW50cmFsMS9jaGFyZ2VDdXN0b21lci8yaUxrc1M4enFMZw  
 
[debug] [2018-10-06T02:35:34.545Z] >>> HTTP REQUEST GET https://cloudfunctions.googleapis.com/v1/operations/bGV0c2RheW91dC05NzgzZi91cy1jZW50cmFsMS9hZGRBY2NvdW50L1p6bXJhU0xQazNF  
 
[debug] [2018-10-06T02:35:34.545Z] >>> HTTP REQUEST GET https://cloudfunctions.googleapis.com/v1/operations/bGV0c2RheW91dC05NzgzZi91cy1jZW50cmFsMS9hZGRBdHRlbmRlZS9hTWYxNnB0VGZwRQ  
 
[debug] [2018-10-06T02:35:34.546Z] >>> HTTP REQUEST GET https://cloudfunctions.googleapis.com/v1/operations/bGV0c2RheW91dC05NzgzZi91cy1jZW50cmFsMS9hZGRFdmVudC9UazJhYWstWlEybw  
 
[debug] [2018-10-06T02:35:34.547Z] >>> HTTP REQUEST GET https://cloudfunctions.googleapis.com/v1/operations/bGV0c2RheW91dC05NzgzZi91cy1jZW50cmFsMS9nZXRVc2VyRXZlbnQvcjVydXo3X0RFZTg  
 
[debug] [2018-10-06T02:35:34.548Z] >>> HTTP REQUEST GET https://cloudfunctions.googleapis.com/v1/operations/bGV0c2RheW91dC05NzgzZi91cy1jZW50cmFsMS9nZXRVc2VyQWNjb3VudC94TnlmMm5kRGctZw  
 
[debug] [2018-10-06T02:35:34.548Z] >>> HTTP REQUEST GET https://cloudfunctions.googleapis.com/v1/operations/bGV0c2RheW91dC05NzgzZi91cy1jZW50cmFsMS9nZXRVc2VyQXR0ZW5kZWVzL09pLUt6ZlJVRXJN  
 
[debug] [2018-10-06T02:35:34.549Z] >>> HTTP REQUEST GET https://cloudfunctions.googleapis.com/v1/operations/bGV0c2RheW91dC05NzgzZi91cy1jZW50cmFsMS9nZXRFdmVudEF0dGVuZGVlcy9TeEY3a3lSU0lIYw  
 
[debug] [2018-10-06T02:35:34.550Z] >>> HTTP REQUEST GET https://cloudfunctions.googleapis.com/v1/operations/bGV0c2RheW91dC05NzgzZi91cy1jZW50cmFsMS9nZXRNeUV4cGVyaWVuY2VzLzBXX2I3dGx2M3ow  
 
[debug] [2018-10-06T02:35:34.551Z] >>> HTTP REQUEST GET https://cloudfunctions.googleapis.com/v1/operations/bGV0c2RheW91dC05NzgzZi91cy1jZW50cmFsMS9nZXRBbGxFeHBlcmllbmNlcy9iSUN1NmI3Nmo5dw  
 
[debug] [2018-10-06T02:35:34.552Z] >>> HTTP REQUEST GET https://cloudfunctions.googleapis.com/v1/operations/bGV0c2RheW91dC05NzgzZi91cy1jZW50cmFsMS9hZGRFeHBlcmllbmNlLzA1WklWY3hPQnVB  
 
[debug] [2018-10-06T02:35:34.553Z] >>> HTTP REQUEST GET https://cloudfunctions.googleapis.com/v1/operations/bGV0c2RheW91dC05NzgzZi91cy1jZW50cmFsMS9zaWduVXBVc2VyLzF6YnN2SGVRYmFz  
 
[debug] [2018-10-06T02:35:34.553Z] >>> HTTP REQUEST GET https://cloudfunctions.googleapis.com/v1/operations/bGV0c2RheW91dC05NzgzZi91cy1jZW50cmFsMS9oZWxsby9kVmNSNjFMM1hPQQ  
 
[debug] [2018-10-06T02:35:34.556Z] >>> HTTP REQUEST GET https://cloudfunctions.googleapis.com/v1/operations/bGV0c2RheW91dC05NzgzZi91cy1jZW50cmFsMS9hZGRNZXNzYWdlL0pzR0ZoaFdrUkVn  
 
[debug] [2018-10-06T02:35:34.557Z] >>> HTTP REQUEST GET https://cloudfunctions.googleapis.com/v1/operations/bGV0c2RheW91dC05NzgzZi91cy1jZW50cmFsMS90b1VwcGVyQ2FzZU5hbWUvOS0tOGhIR1REa0U  
 
[debug] [2018-10-06T02:35:34.558Z] >>> HTTP REQUEST GET https://cloudfunctions.googleapis.com/v1/operations/bGV0c2RheW91dC05NzgzZi91cy1jZW50cmFsMS9zaWduX3VwL0ZldTAtdjhjVXhj  
 
[debug] [2018-10-06T02:35:34.559Z] >>> HTTP REQUEST GET https://cloudfunctions.googleapis.com/v1/operations/bGV0c2RheW91dC05NzgzZi91cy1jZW50cmFsMS9Ob3RpZnlGb2xsb3dlcnMvUFJSTXQ0UlpPUGc  
 
[debug] [2018-10-06T02:35:34.886Z] <<< HTTP RESPONSE 200
[debug] [2018-10-06T02:35:34.901Z] <<< HTTP RESPONSE 200
[debug] [2018-10-06T02:35:34.908Z] <<< HTTP RESPONSE 200
[debug] [2018-10-06T02:35:34.913Z] <<< HTTP RESPONSE 200
[debug] [2018-10-06T02:35:34.920Z] <<< HTTP RESPONSE 200
[debug] [2018-10-06T02:35:34.922Z] <<< HTTP RESPONSE 200
[debug] [2018-10-06T02:35:34.925Z] <<< HTTP RESPONSE 200
[debug] [2018-10-06T02:35:34.936Z] <<< HTTP RESPONSE 200
[debug] [2018-10-06T02:35:35.182Z] <<< HTTP RESPONSE 200
[debug] [2018-10-06T02:35:35.190Z] <<< HTTP RESPONSE 200
[debug] [2018-10-06T02:35:35.193Z] <<< HTTP RESPONSE 200
[debug] [2018-10-06T02:35:35.195Z] <<< HTTP RESPONSE 200
[debug] [2018-10-06T02:35:35.197Z] <<< HTTP RESPONSE 200
[debug] [2018-10-06T02:35:35.209Z] <<< HTTP RESPONSE 200
[debug] [2018-10-06T02:35:35.874Z] <<< HTTP RESPONSE 200
[debug] [2018-10-06T02:35:35.876Z] <<< HTTP RESPONSE 200
[debug] [2018-10-06T02:35:35.879Z] <<< HTTP RESPONSE 200
[debug] [2018-10-06T02:35:35.891Z] <<< HTTP RESPONSE 200
[debug] [2018-10-06T02:35:37.886Z] <<< HTTP RESPONSE 200
[debug] [2018-10-06T02:35:37.889Z] <<< HTTP RESPONSE 200
[debug] [2018-10-06T02:35:37.911Z] <<< HTTP RESPONSE 200
[debug] [2018-10-06T02:35:39.893Z] >>> HTTP REQUEST GET https://cloudfunctions.googleapis.com/v1/operations/bGV0c2RheW91dC05NzgzZi91cy1jZW50cmFsMS9nZXRVc2VyRXZlbnRzL0I3aTNFdDNueThv  
 
[debug] [2018-10-06T02:35:39.903Z] >>> HTTP REQUEST GET https://cloudfunctions.googleapis.com/v1/operations/bGV0c2RheW91dC05NzgzZi91cy1jZW50cmFsMS9nZXRVc2VyRXZlbnQvcjVydXo3X0RFZTg  
 
[debug] [2018-10-06T02:35:39.911Z] >>> HTTP REQUEST GET https://cloudfunctions.googleapis.com/v1/operations/bGV0c2RheW91dC05NzgzZi91cy1jZW50cmFsMS9jcmVhdGVDdXN0b21lci9sZHJBYjg1YXVOcw  
 
[debug] [2018-10-06T02:35:39.916Z] >>> HTTP REQUEST GET https://cloudfunctions.googleapis.com/v1/operations/bGV0c2RheW91dC05NzgzZi91cy1jZW50cmFsMS9nZXRVc2VyQWNjb3VudC94TnlmMm5kRGctZw  
 
[debug] [2018-10-06T02:35:39.922Z] >>> HTTP REQUEST GET https://cloudfunctions.googleapis.com/v1/operations/bGV0c2RheW91dC05NzgzZi91cy1jZW50cmFsMS90b1VwcGVyQ2FzZU5hbWUvOS0tOGhIR1REa0U  
 
[debug] [2018-10-06T02:35:39.924Z] >>> HTTP REQUEST GET https://cloudfunctions.googleapis.com/v1/operations/bGV0c2RheW91dC05NzgzZi91cy1jZW50cmFsMS9jcmVhdGVBY2NvdW50L3htR2RJVl9IaUdV  
 
[debug] [2018-10-06T02:35:39.933Z] >>> HTTP REQUEST GET https://cloudfunctions.googleapis.com/v1/operations/bGV0c2RheW91dC05NzgzZi91cy1jZW50cmFsMS9zYXZlQ2hhcmdlL0VJTkxqcUgwcmVj  
 
[debug] [2018-10-06T02:35:39.938Z] >>> HTTP REQUEST GET https://cloudfunctions.googleapis.com/v1/operations/bGV0c2RheW91dC05NzgzZi91cy1jZW50cmFsMS9zaWduX3VwL0ZldTAtdjhjVXhj  
 
[debug] [2018-10-06T02:35:40.161Z] <<< HTTP RESPONSE 200
[debug] [2018-10-06T02:35:40.184Z] <<< HTTP RESPONSE 200
[debug] [2018-10-06T02:35:40.186Z] >>> HTTP REQUEST GET https://cloudfunctions.googleapis.com/v1/operations/bGV0c2RheW91dC05NzgzZi91cy1jZW50cmFsMS9hZGRBY2NvdW50L1p6bXJhU0xQazNF  
 
[debug] [2018-10-06T02:35:40.192Z] >>> HTTP REQUEST GET https://cloudfunctions.googleapis.com/v1/operations/bGV0c2RheW91dC05NzgzZi91cy1jZW50cmFsMS9hZGRBdHRlbmRlZS9hTWYxNnB0VGZwRQ  
 
[debug] [2018-10-06T02:35:40.197Z] >>> HTTP REQUEST GET https://cloudfunctions.googleapis.com/v1/operations/bGV0c2RheW91dC05NzgzZi91cy1jZW50cmFsMS9nZXRFdmVudEF0dGVuZGVlcy9TeEY3a3lSU0lIYw  
 
[debug] [2018-10-06T02:35:40.199Z] >>> HTTP REQUEST GET https://cloudfunctions.googleapis.com/v1/operations/bGV0c2RheW91dC05NzgzZi91cy1jZW50cmFsMS9jaGFyZ2VDdXN0b21lci8yaUxrc1M4enFMZw  
 
[debug] [2018-10-06T02:35:40.204Z] <<< HTTP RESPONSE 200
[debug] [2018-10-06T02:35:40.216Z] >>> HTTP REQUEST GET https://cloudfunctions.googleapis.com/v1/operations/bGV0c2RheW91dC05NzgzZi91cy1jZW50cmFsMS9hZGRFdmVudC9UazJhYWstWlEybw  
 
[debug] [2018-10-06T02:35:40.217Z] >>> HTTP REQUEST GET https://cloudfunctions.googleapis.com/v1/operations/bGV0c2RheW91dC05NzgzZi91cy1jZW50cmFsMS9nZXRBbGxFeHBlcmllbmNlcy9iSUN1NmI3Nmo5dw  
 
[debug] [2018-10-06T02:35:40.218Z] <<< HTTP RESPONSE 200
[debug] [2018-10-06T02:35:40.226Z] <<< HTTP RESPONSE 200
[debug] [2018-10-06T02:35:40.228Z] <<< HTTP RESPONSE 200
[debug] [2018-10-06T02:35:40.230Z] <<< HTTP RESPONSE 200
[debug] [2018-10-06T02:35:40.233Z] <<< HTTP RESPONSE 200
[debug] [2018-10-06T02:35:40.457Z] <<< HTTP RESPONSE 200
[debug] [2018-10-06T02:35:40.475Z] <<< HTTP RESPONSE 200
[debug] [2018-10-06T02:35:40.477Z] <<< HTTP RESPONSE 200
[debug] [2018-10-06T02:35:40.481Z] <<< HTTP RESPONSE 200
[debug] [2018-10-06T02:35:40.483Z] <<< HTTP RESPONSE 200
[debug] [2018-10-06T02:35:40.490Z] <<< HTTP RESPONSE 200
[debug] [2018-10-06T02:35:40.876Z] >>> HTTP REQUEST GET https://cloudfunctions.googleapis.com/v1/operations/bGV0c2RheW91dC05NzgzZi91cy1jZW50cmFsMS9nZXRVc2VyQXR0ZW5kZWVzL09pLUt6ZlJVRXJN  
 
[debug] [2018-10-06T02:35:40.879Z] >>> HTTP REQUEST GET https://cloudfunctions.googleapis.com/v1/operations/bGV0c2RheW91dC05NzgzZi91cy1jZW50cmFsMS9hZGRFeHBlcmllbmNlLzA1WklWY3hPQnVB  
 
[debug] [2018-10-06T02:35:40.889Z] >>> HTTP REQUEST GET https://cloudfunctions.googleapis.com/v1/operations/bGV0c2RheW91dC05NzgzZi91cy1jZW50cmFsMS9zaWduVXBVc2VyLzF6YnN2SGVRYmFz  
 
[debug] [2018-10-06T02:35:40.902Z] >>> HTTP REQUEST GET https://cloudfunctions.googleapis.com/v1/operations/bGV0c2RheW91dC05NzgzZi91cy1jZW50cmFsMS9nZXRNeUV4cGVyaWVuY2VzLzBXX2I3dGx2M3ow  
 
[debug] [2018-10-06T02:35:41.142Z] <<< HTTP RESPONSE 200
[debug] [2018-10-06T02:35:41.153Z] <<< HTTP RESPONSE 200
[debug] [2018-10-06T02:35:41.160Z] <<< HTTP RESPONSE 200
[debug] [2018-10-06T02:35:41.166Z] <<< HTTP RESPONSE 200
[debug] [2018-10-06T02:35:42.891Z] >>> HTTP REQUEST GET https://cloudfunctions.googleapis.com/v1/operations/bGV0c2RheW91dC05NzgzZi91cy1jZW50cmFsMS9oZWxsby9kVmNSNjFMM1hPQQ  
 
[debug] [2018-10-06T02:35:42.892Z] >>> HTTP REQUEST GET https://cloudfunctions.googleapis.com/v1/operations/bGV0c2RheW91dC05NzgzZi91cy1jZW50cmFsMS9hZGRNZXNzYWdlL0pzR0ZoaFdrUkVn  
 
[debug] [2018-10-06T02:35:42.914Z] >>> HTTP REQUEST GET https://cloudfunctions.googleapis.com/v1/operations/bGV0c2RheW91dC05NzgzZi91cy1jZW50cmFsMS9Ob3RpZnlGb2xsb3dlcnMvUFJSTXQ0UlpPUGc  
 
[debug] [2018-10-06T02:35:43.139Z] <<< HTTP RESPONSE 200
[debug] [2018-10-06T02:35:43.176Z] <<< HTTP RESPONSE 200
[debug] [2018-10-06T02:35:43.181Z] <<< HTTP RESPONSE 200
[debug] [2018-10-06T02:35:45.185Z] >>> HTTP REQUEST GET https://cloudfunctions.googleapis.com/v1/operations/bGV0c2RheW91dC05NzgzZi91cy1jZW50cmFsMS9nZXRVc2VyRXZlbnRzL0I3aTNFdDNueThv  
 
[debug] [2018-10-06T02:35:45.186Z] >>> HTTP REQUEST GET https://cloudfunctions.googleapis.com/v1/operations/bGV0c2RheW91dC05NzgzZi91cy1jZW50cmFsMS9nZXRVc2VyRXZlbnQvcjVydXo3X0RFZTg  
 
[debug] [2018-10-06T02:35:45.206Z] >>> HTTP REQUEST GET https://cloudfunctions.googleapis.com/v1/operations/bGV0c2RheW91dC05NzgzZi91cy1jZW50cmFsMS9jcmVhdGVDdXN0b21lci9sZHJBYjg1YXVOcw  
 
[debug] [2018-10-06T02:35:45.220Z] >>> HTTP REQUEST GET https://cloudfunctions.googleapis.com/v1/operations/bGV0c2RheW91dC05NzgzZi91cy1jZW50cmFsMS9nZXRVc2VyQWNjb3VudC94TnlmMm5kRGctZw  
 
[debug] [2018-10-06T02:35:45.229Z] >>> HTTP REQUEST GET https://cloudfunctions.googleapis.com/v1/operations/bGV0c2RheW91dC05NzgzZi91cy1jZW50cmFsMS9jcmVhdGVBY2NvdW50L3htR2RJVl9IaUdV  
 
[debug] [2018-10-06T02:35:45.230Z] >>> HTTP REQUEST GET https://cloudfunctions.googleapis.com/v1/operations/bGV0c2RheW91dC05NzgzZi91cy1jZW50cmFsMS90b1VwcGVyQ2FzZU5hbWUvOS0tOGhIR1REa0U  
 
[debug] [2018-10-06T02:35:45.231Z] >>> HTTP REQUEST GET https://cloudfunctions.googleapis.com/v1/operations/bGV0c2RheW91dC05NzgzZi91cy1jZW50cmFsMS9zYXZlQ2hhcmdlL0VJTkxqcUgwcmVj  
 
[debug] [2018-10-06T02:35:45.239Z] >>> HTTP REQUEST GET https://cloudfunctions.googleapis.com/v1/operations/bGV0c2RheW91dC05NzgzZi91cy1jZW50cmFsMS9zaWduX3VwL0ZldTAtdjhjVXhj  
 
[debug] [2018-10-06T02:35:45.444Z] <<< HTTP RESPONSE 200
[debug] [2018-10-06T02:35:45.459Z] >>> HTTP REQUEST GET https://cloudfunctions.googleapis.com/v1/operations/bGV0c2RheW91dC05NzgzZi91cy1jZW50cmFsMS9hZGRBY2NvdW50L1p6bXJhU0xQazNF  
 
[debug] [2018-10-06T02:35:45.472Z] <<< HTTP RESPONSE 200
[debug] [2018-10-06T02:35:45.478Z] >>> HTTP REQUEST GET https://cloudfunctions.googleapis.com/v1/operations/bGV0c2RheW91dC05NzgzZi91cy1jZW50cmFsMS9hZGRBdHRlbmRlZS9hTWYxNnB0VGZwRQ  
 
[debug] [2018-10-06T02:35:45.482Z] >>> HTTP REQUEST GET https://cloudfunctions.googleapis.com/v1/operations/bGV0c2RheW91dC05NzgzZi91cy1jZW50cmFsMS9hZGRFdmVudC9UazJhYWstWlEybw  
 
[debug] [2018-10-06T02:35:45.483Z] >>> HTTP REQUEST GET https://cloudfunctions.googleapis.com/v1/operations/bGV0c2RheW91dC05NzgzZi91cy1jZW50cmFsMS9jaGFyZ2VDdXN0b21lci8yaUxrc1M4enFMZw  
 
[debug] [2018-10-06T02:35:45.485Z] <<< HTTP RESPONSE 200
[debug] [2018-10-06T02:35:45.493Z] >>> HTTP REQUEST GET https://cloudfunctions.googleapis.com/v1/operations/bGV0c2RheW91dC05NzgzZi91cy1jZW50cmFsMS9nZXRFdmVudEF0dGVuZGVlcy9TeEY3a3lSU0lIYw  
 
[debug] [2018-10-06T02:35:45.494Z] >>> HTTP REQUEST GET https://cloudfunctions.googleapis.com/v1/operations/bGV0c2RheW91dC05NzgzZi91cy1jZW50cmFsMS9nZXRBbGxFeHBlcmllbmNlcy9iSUN1NmI3Nmo5dw  
 
[debug] [2018-10-06T02:35:45.503Z] <<< HTTP RESPONSE 200
[debug] [2018-10-06T02:35:45.507Z] <<< HTTP RESPONSE 200
[debug] [2018-10-06T02:35:45.509Z] <<< HTTP RESPONSE 200
[debug] [2018-10-06T02:35:45.512Z] <<< HTTP RESPONSE 200
[debug] [2018-10-06T02:35:45.676Z] <<< HTTP RESPONSE 200
[debug] [2018-10-06T02:35:45.715Z] <<< HTTP RESPONSE 200
[debug] [2018-10-06T02:35:45.734Z] <<< HTTP RESPONSE 200
[debug] [2018-10-06T02:35:45.741Z] <<< HTTP RESPONSE 200
[debug] [2018-10-06T02:35:45.763Z] <<< HTTP RESPONSE 200
[debug] [2018-10-06T02:35:45.783Z] <<< HTTP RESPONSE 200
[debug] [2018-10-06T02:35:45.791Z] <<< HTTP RESPONSE 200
[debug] [2018-10-06T02:35:46.145Z] >>> HTTP REQUEST GET https://cloudfunctions.googleapis.com/v1/operations/bGV0c2RheW91dC05NzgzZi91cy1jZW50cmFsMS9nZXRVc2VyQXR0ZW5kZWVzL09pLUt6ZlJVRXJN  
 
[debug] [2018-10-06T02:35:46.156Z] >>> HTTP REQUEST GET https://cloudfunctions.googleapis.com/v1/operations/bGV0c2RheW91dC05NzgzZi91cy1jZW50cmFsMS9hZGRFeHBlcmllbmNlLzA1WklWY3hPQnVB  
 
[debug] [2018-10-06T02:35:46.161Z] >>> HTTP REQUEST GET https://cloudfunctions.googleapis.com/v1/operations/bGV0c2RheW91dC05NzgzZi91cy1jZW50cmFsMS9nZXRNeUV4cGVyaWVuY2VzLzBXX2I3dGx2M3ow  
 
[debug] [2018-10-06T02:35:46.171Z] >>> HTTP REQUEST GET https://cloudfunctions.googleapis.com/v1/operations/bGV0c2RheW91dC05NzgzZi91cy1jZW50cmFsMS9zaWduVXBVc2VyLzF6YnN2SGVRYmFz  
 
[debug] [2018-10-06T02:35:46.393Z] <<< HTTP RESPONSE 200
[debug] [2018-10-06T02:35:46.412Z] <<< HTTP RESPONSE 200
[debug] [2018-10-06T02:35:46.421Z] <<< HTTP RESPONSE 200
[debug] [2018-10-06T02:35:46.449Z] <<< HTTP RESPONSE 200
[debug] [2018-10-06T02:35:48.143Z] >>> HTTP REQUEST GET https://cloudfunctions.googleapis.com/v1/operations/bGV0c2RheW91dC05NzgzZi91cy1jZW50cmFsMS9oZWxsby9kVmNSNjFMM1hPQQ  
 
[debug] [2018-10-06T02:35:48.178Z] >>> HTTP REQUEST GET https://cloudfunctions.googleapis.com/v1/operations/bGV0c2RheW91dC05NzgzZi91cy1jZW50cmFsMS9hZGRNZXNzYWdlL0pzR0ZoaFdrUkVn  
 
[debug] [2018-10-06T02:35:48.184Z] >>> HTTP REQUEST GET https://cloudfunctions.googleapis.com/v1/operations/bGV0c2RheW91dC05NzgzZi91cy1jZW50cmFsMS9Ob3RpZnlGb2xsb3dlcnMvUFJSTXQ0UlpPUGc  
 
[debug] [2018-10-06T02:35:48.386Z] <<< HTTP RESPONSE 200
[debug] [2018-10-06T02:35:48.430Z] <<< HTTP RESPONSE 200
[debug] [2018-10-06T02:35:48.438Z] <<< HTTP RESPONSE 200
[debug] [2018-10-06T02:35:50.449Z] >>> HTTP REQUEST GET https://cloudfunctions.googleapis.com/v1/operations/bGV0c2RheW91dC05NzgzZi91cy1jZW50cmFsMS9nZXRVc2VyRXZlbnQvcjVydXo3X0RFZTg  
 
[debug] [2018-10-06T02:35:50.473Z] >>> HTTP REQUEST GET https://cloudfunctions.googleapis.com/v1/operations/bGV0c2RheW91dC05NzgzZi91cy1jZW50cmFsMS9jcmVhdGVDdXN0b21lci9sZHJBYjg1YXVOcw  
 
[debug] [2018-10-06T02:35:50.486Z] >>> HTTP REQUEST GET https://cloudfunctions.googleapis.com/v1/operations/bGV0c2RheW91dC05NzgzZi91cy1jZW50cmFsMS9nZXRVc2VyQWNjb3VudC94TnlmMm5kRGctZw  
 
[debug] [2018-10-06T02:35:50.506Z] >>> HTTP REQUEST GET https://cloudfunctions.googleapis.com/v1/operations/bGV0c2RheW91dC05NzgzZi91cy1jZW50cmFsMS9jcmVhdGVBY2NvdW50L3htR2RJVl9IaUdV  
 
[debug] [2018-10-06T02:35:50.512Z] >>> HTTP REQUEST GET https://cloudfunctions.googleapis.com/v1/operations/bGV0c2RheW91dC05NzgzZi91cy1jZW50cmFsMS90b1VwcGVyQ2FzZU5hbWUvOS0tOGhIR1REa0U  
 
[debug] [2018-10-06T02:35:50.513Z] >>> HTTP REQUEST GET https://cloudfunctions.googleapis.com/v1/operations/bGV0c2RheW91dC05NzgzZi91cy1jZW50cmFsMS9zYXZlQ2hhcmdlL0VJTkxqcUgwcmVj  
 
[debug] [2018-10-06T02:35:50.514Z] >>> HTTP REQUEST GET https://cloudfunctions.googleapis.com/v1/operations/bGV0c2RheW91dC05NzgzZi91cy1jZW50cmFsMS9zaWduX3VwL0ZldTAtdjhjVXhj  
 
[debug] [2018-10-06T02:35:50.678Z] >>> HTTP REQUEST GET https://cloudfunctions.googleapis.com/v1/operations/bGV0c2RheW91dC05NzgzZi91cy1jZW50cmFsMS9nZXRVc2VyRXZlbnRzL0I3aTNFdDNueThv  
 
[debug] [2018-10-06T02:35:50.701Z] <<< HTTP RESPONSE 200
[debug] [2018-10-06T02:35:50.711Z] <<< HTTP RESPONSE 200
[debug] [2018-10-06T02:35:50.717Z] >>> HTTP REQUEST GET https://cloudfunctions.googleapis.com/v1/operations/bGV0c2RheW91dC05NzgzZi91cy1jZW50cmFsMS9hZGRBY2NvdW50L1p6bXJhU0xQazNF  
 
[debug] [2018-10-06T02:35:50.736Z] >>> HTTP REQUEST GET https://cloudfunctions.googleapis.com/v1/operations/bGV0c2RheW91dC05NzgzZi91cy1jZW50cmFsMS9hZGRFdmVudC9UazJhYWstWlEybw  
 
[debug] [2018-10-06T02:35:50.742Z] <<< HTTP RESPONSE 200
[debug] [2018-10-06T02:35:50.745Z] >>> HTTP REQUEST GET https://cloudfunctions.googleapis.com/v1/operations/bGV0c2RheW91dC05NzgzZi91cy1jZW50cmFsMS9hZGRBdHRlbmRlZS9hTWYxNnB0VGZwRQ  
 
[debug] [2018-10-06T02:35:50.759Z] <<< HTTP RESPONSE 200
[debug] [2018-10-06T02:35:50.764Z] <<< HTTP RESPONSE 200
[debug] [2018-10-06T02:35:50.766Z] >>> HTTP REQUEST GET https://cloudfunctions.googleapis.com/v1/operations/bGV0c2RheW91dC05NzgzZi91cy1jZW50cmFsMS9nZXRFdmVudEF0dGVuZGVlcy9TeEY3a3lSU0lIYw  
 
[debug] [2018-10-06T02:35:50.776Z] <<< HTTP RESPONSE 200
[debug] [2018-10-06T02:35:50.781Z] <<< HTTP RESPONSE 200
[debug] [2018-10-06T02:35:50.785Z] >>> HTTP REQUEST GET https://cloudfunctions.googleapis.com/v1/operations/bGV0c2RheW91dC05NzgzZi91cy1jZW50cmFsMS9nZXRBbGxFeHBlcmllbmNlcy9iSUN1NmI3Nmo5dw  
 
[debug] [2018-10-06T02:35:50.793Z] >>> HTTP REQUEST GET https://cloudfunctions.googleapis.com/v1/operations/bGV0c2RheW91dC05NzgzZi91cy1jZW50cmFsMS9jaGFyZ2VDdXN0b21lci8yaUxrc1M4enFMZw  
 
[debug] [2018-10-06T02:35:50.928Z] <<< HTTP RESPONSE 200
[debug] [2018-10-06T02:35:50.985Z] <<< HTTP RESPONSE 200
[debug] [2018-10-06T02:35:51.007Z] <<< HTTP RESPONSE 200
[debug] [2018-10-06T02:35:51.046Z] <<< HTTP RESPONSE 200
[debug] [2018-10-06T02:35:51.047Z] <<< HTTP RESPONSE 200
[debug] [2018-10-06T02:35:51.052Z] <<< HTTP RESPONSE 200
[debug] [2018-10-06T02:35:51.179Z] <<< HTTP RESPONSE 200
[debug] [2018-10-06T02:35:51.396Z] >>> HTTP REQUEST GET https://cloudfunctions.googleapis.com/v1/operations/bGV0c2RheW91dC05NzgzZi91cy1jZW50cmFsMS9nZXRVc2VyQXR0ZW5kZWVzL09pLUt6ZlJVRXJN  
 
[debug] [2018-10-06T02:35:51.414Z] >>> HTTP REQUEST GET https://cloudfunctions.googleapis.com/v1/operations/bGV0c2RheW91dC05NzgzZi91cy1jZW50cmFsMS9hZGRFeHBlcmllbmNlLzA1WklWY3hPQnVB  
 
[debug] [2018-10-06T02:35:51.422Z] >>> HTTP REQUEST GET https://cloudfunctions.googleapis.com/v1/operations/bGV0c2RheW91dC05NzgzZi91cy1jZW50cmFsMS9nZXRNeUV4cGVyaWVuY2VzLzBXX2I3dGx2M3ow  
 
[debug] [2018-10-06T02:35:51.452Z] >>> HTTP REQUEST GET https://cloudfunctions.googleapis.com/v1/operations/bGV0c2RheW91dC05NzgzZi91cy1jZW50cmFsMS9zaWduVXBVc2VyLzF6YnN2SGVRYmFz  
 
[debug] [2018-10-06T02:35:51.648Z] <<< HTTP RESPONSE 200
[debug] [2018-10-06T02:35:51.660Z] <<< HTTP RESPONSE 200
[debug] [2018-10-06T02:35:51.670Z] <<< HTTP RESPONSE 200
[debug] [2018-10-06T02:35:51.701Z] <<< HTTP RESPONSE 200
[debug] [2018-10-06T02:35:53.390Z] >>> HTTP REQUEST GET https://cloudfunctions.googleapis.com/v1/operations/bGV0c2RheW91dC05NzgzZi91cy1jZW50cmFsMS9oZWxsby9kVmNSNjFMM1hPQQ  
 
[debug] [2018-10-06T02:35:53.446Z] >>> HTTP REQUEST GET https://cloudfunctions.googleapis.com/v1/operations/bGV0c2RheW91dC05NzgzZi91cy1jZW50cmFsMS9Ob3RpZnlGb2xsb3dlcnMvUFJSTXQ0UlpPUGc  
 
[debug] [2018-10-06T02:35:53.450Z] >>> HTTP REQUEST GET https://cloudfunctions.googleapis.com/v1/operations/bGV0c2RheW91dC05NzgzZi91cy1jZW50cmFsMS9hZGRNZXNzYWdlL0pzR0ZoaFdrUkVn  
 
[debug] [2018-10-06T02:35:53.699Z] <<< HTTP RESPONSE 200
[debug] [2018-10-06T02:35:53.701Z] <<< HTTP RESPONSE 200
[debug] [2018-10-06T02:35:53.712Z] <<< HTTP RESPONSE 200
[debug] [2018-10-06T02:35:55.705Z] >>> HTTP REQUEST GET https://cloudfunctions.googleapis.com/v1/operations/bGV0c2RheW91dC05NzgzZi91cy1jZW50cmFsMS9nZXRVc2VyRXZlbnQvcjVydXo3X0RFZTg  
 
[debug] [2018-10-06T02:35:55.713Z] >>> HTTP REQUEST GET https://cloudfunctions.googleapis.com/v1/operations/bGV0c2RheW91dC05NzgzZi91cy1jZW50cmFsMS9jcmVhdGVDdXN0b21lci9sZHJBYjg1YXVOcw  
 
[debug] [2018-10-06T02:35:55.745Z] >>> HTTP REQUEST GET https://cloudfunctions.googleapis.com/v1/operations/bGV0c2RheW91dC05NzgzZi91cy1jZW50cmFsMS9nZXRVc2VyQWNjb3VudC94TnlmMm5kRGctZw  
 
[debug] [2018-10-06T02:35:55.762Z] >>> HTTP REQUEST GET https://cloudfunctions.googleapis.com/v1/operations/bGV0c2RheW91dC05NzgzZi91cy1jZW50cmFsMS90b1VwcGVyQ2FzZU5hbWUvOS0tOGhIR1REa0U  
 
[debug] [2018-10-06T02:35:55.766Z] >>> HTTP REQUEST GET https://cloudfunctions.googleapis.com/v1/operations/bGV0c2RheW91dC05NzgzZi91cy1jZW50cmFsMS9jcmVhdGVBY2NvdW50L3htR2RJVl9IaUdV  
 
[debug] [2018-10-06T02:35:55.778Z] >>> HTTP REQUEST GET https://cloudfunctions.googleapis.com/v1/operations/bGV0c2RheW91dC05NzgzZi91cy1jZW50cmFsMS9zaWduX3VwL0ZldTAtdjhjVXhj  
 
[debug] [2018-10-06T02:35:55.784Z] >>> HTTP REQUEST GET https://cloudfunctions.googleapis.com/v1/operations/bGV0c2RheW91dC05NzgzZi91cy1jZW50cmFsMS9zYXZlQ2hhcmdlL0VJTkxqcUgwcmVj  
 
[debug] [2018-10-06T02:35:55.931Z] >>> HTTP REQUEST GET https://cloudfunctions.googleapis.com/v1/operations/bGV0c2RheW91dC05NzgzZi91cy1jZW50cmFsMS9nZXRVc2VyRXZlbnRzL0I3aTNFdDNueThv  
 
[debug] [2018-10-06T02:35:55.956Z] <<< HTTP RESPONSE 200
[debug] [2018-10-06T02:35:55.962Z] <<< HTTP RESPONSE 200
[debug] [2018-10-06T02:35:55.987Z] >>> HTTP REQUEST GET https://cloudfunctions.googleapis.com/v1/operations/bGV0c2RheW91dC05NzgzZi91cy1jZW50cmFsMS9hZGRBY2NvdW50L1p6bXJhU0xQazNF  
 
[debug] [2018-10-06T02:35:56.009Z] >>> HTTP REQUEST GET https://cloudfunctions.googleapis.com/v1/operations/bGV0c2RheW91dC05NzgzZi91cy1jZW50cmFsMS9hZGRFdmVudC9UazJhYWstWlEybw  
 
[debug] [2018-10-06T02:35:56.015Z] <<< HTTP RESPONSE 200
[debug] [2018-10-06T02:35:56.018Z] <<< HTTP RESPONSE 200
[debug] [2018-10-06T02:35:56.035Z] <<< HTTP RESPONSE 200
[debug] [2018-10-06T02:35:56.038Z] <<< HTTP RESPONSE 200
[info] ✔  functions[createAccount(us-central1)]: Successful update operation. 
[debug] [2018-10-06T02:35:56.069Z] >>> HTTP REQUEST GET https://cloudfunctions.googleapis.com/v1/operations/bGV0c2RheW91dC05NzgzZi91cy1jZW50cmFsMS9jaGFyZ2VDdXN0b21lci8yaUxrc1M4enFMZw  
 
[debug] [2018-10-06T02:35:56.071Z] >>> HTTP REQUEST GET https://cloudfunctions.googleapis.com/v1/operations/bGV0c2RheW91dC05NzgzZi91cy1jZW50cmFsMS9nZXRFdmVudEF0dGVuZGVlcy9TeEY3a3lSU0lIYw  
 
[debug] [2018-10-06T02:35:56.072Z] >>> HTTP REQUEST GET https://cloudfunctions.googleapis.com/v1/operations/bGV0c2RheW91dC05NzgzZi91cy1jZW50cmFsMS9nZXRBbGxFeHBlcmllbmNlcy9iSUN1NmI3Nmo5dw  
 
[debug] [2018-10-06T02:35:56.085Z] <<< HTTP RESPONSE 200
[debug] [2018-10-06T02:35:56.181Z] >>> HTTP REQUEST GET https://cloudfunctions.googleapis.com/v1/operations/bGV0c2RheW91dC05NzgzZi91cy1jZW50cmFsMS9hZGRBdHRlbmRlZS9hTWYxNnB0VGZwRQ  
 
[debug] [2018-10-06T02:35:56.200Z] <<< HTTP RESPONSE 200
[debug] [2018-10-06T02:35:56.254Z] <<< HTTP RESPONSE 200
[debug] [2018-10-06T02:35:56.284Z] <<< HTTP RESPONSE 200
[debug] [2018-10-06T02:35:56.332Z] <<< HTTP RESPONSE 200
[debug] [2018-10-06T02:35:56.345Z] <<< HTTP RESPONSE 200
[debug] [2018-10-06T02:35:56.361Z] <<< HTTP RESPONSE 200
[info] ✔  functions[chargeCustomer(us-central1)]: Successful update operation. 
[debug] [2018-10-06T02:35:56.437Z] <<< HTTP RESPONSE 200
[debug] [2018-10-06T02:35:56.659Z] >>> HTTP REQUEST GET https://cloudfunctions.googleapis.com/v1/operations/bGV0c2RheW91dC05NzgzZi91cy1jZW50cmFsMS9nZXRVc2VyQXR0ZW5kZWVzL09pLUt6ZlJVRXJN  
 
[debug] [2018-10-06T02:35:56.670Z] >>> HTTP REQUEST GET https://cloudfunctions.googleapis.com/v1/operations/bGV0c2RheW91dC05NzgzZi91cy1jZW50cmFsMS9hZGRFeHBlcmllbmNlLzA1WklWY3hPQnVB  
 
[debug] [2018-10-06T02:35:56.680Z] >>> HTTP REQUEST GET https://cloudfunctions.googleapis.com/v1/operations/bGV0c2RheW91dC05NzgzZi91cy1jZW50cmFsMS9nZXRNeUV4cGVyaWVuY2VzLzBXX2I3dGx2M3ow  
 
[debug] [2018-10-06T02:35:56.703Z] >>> HTTP REQUEST GET https://cloudfunctions.googleapis.com/v1/operations/bGV0c2RheW91dC05NzgzZi91cy1jZW50cmFsMS9zaWduVXBVc2VyLzF6YnN2SGVRYmFz  
 
[debug] [2018-10-06T02:35:56.917Z] <<< HTTP RESPONSE 200
[debug] [2018-10-06T02:35:56.937Z] <<< HTTP RESPONSE 200
[debug] [2018-10-06T02:35:56.941Z] <<< HTTP RESPONSE 200
[debug] [2018-10-06T02:35:56.975Z] <<< HTTP RESPONSE 200
[debug] [2018-10-06T02:35:58.702Z] >>> HTTP REQUEST GET https://cloudfunctions.googleapis.com/v1/operations/bGV0c2RheW91dC05NzgzZi91cy1jZW50cmFsMS9Ob3RpZnlGb2xsb3dlcnMvUFJSTXQ0UlpPUGc  
 
[debug] [2018-10-06T02:35:58.704Z] >>> HTTP REQUEST GET https://cloudfunctions.googleapis.com/v1/operations/bGV0c2RheW91dC05NzgzZi91cy1jZW50cmFsMS9oZWxsby9kVmNSNjFMM1hPQQ  
 
[debug] [2018-10-06T02:35:58.725Z] >>> HTTP REQUEST GET https://cloudfunctions.googleapis.com/v1/operations/bGV0c2RheW91dC05NzgzZi91cy1jZW50cmFsMS9hZGRNZXNzYWdlL0pzR0ZoaFdrUkVn  
 
[debug] [2018-10-06T02:35:59.013Z] <<< HTTP RESPONSE 200
[info] ✔  functions[NotifyFollowers(us-central1)]: Successful update operation. 
[debug] [2018-10-06T02:35:59.026Z] <<< HTTP RESPONSE 200
[debug] [2018-10-06T02:35:59.037Z] <<< HTTP RESPONSE 200
[info] ✔  functions[addMessage(us-central1)]: Successful update operation. 
[debug] [2018-10-06T02:36:00.961Z] >>> HTTP REQUEST GET https://cloudfunctions.googleapis.com/v1/operations/bGV0c2RheW91dC05NzgzZi91cy1jZW50cmFsMS9nZXRVc2VyRXZlbnQvcjVydXo3X0RFZTg  
 
[debug] [2018-10-06T02:36:00.964Z] >>> HTTP REQUEST GET https://cloudfunctions.googleapis.com/v1/operations/bGV0c2RheW91dC05NzgzZi91cy1jZW50cmFsMS9jcmVhdGVDdXN0b21lci9sZHJBYjg1YXVOcw  
 
[debug] [2018-10-06T02:36:01.017Z] >>> HTTP REQUEST GET https://cloudfunctions.googleapis.com/v1/operations/bGV0c2RheW91dC05NzgzZi91cy1jZW50cmFsMS9nZXRVc2VyQWNjb3VudC94TnlmMm5kRGctZw  
 
[debug] [2018-10-06T02:36:01.023Z] >>> HTTP REQUEST GET https://cloudfunctions.googleapis.com/v1/operations/bGV0c2RheW91dC05NzgzZi91cy1jZW50cmFsMS90b1VwcGVyQ2FzZU5hbWUvOS0tOGhIR1REa0U  
 
[debug] [2018-10-06T02:36:01.037Z] >>> HTTP REQUEST GET https://cloudfunctions.googleapis.com/v1/operations/bGV0c2RheW91dC05NzgzZi91cy1jZW50cmFsMS9zaWduX3VwL0ZldTAtdjhjVXhj  
 
[debug] [2018-10-06T02:36:01.086Z] >>> HTTP REQUEST GET https://cloudfunctions.googleapis.com/v1/operations/bGV0c2RheW91dC05NzgzZi91cy1jZW50cmFsMS9zYXZlQ2hhcmdlL0VJTkxqcUgwcmVj  
 
[debug] [2018-10-06T02:36:01.202Z] >>> HTTP REQUEST GET https://cloudfunctions.googleapis.com/v1/operations/bGV0c2RheW91dC05NzgzZi91cy1jZW50cmFsMS9nZXRVc2VyRXZlbnRzL0I3aTNFdDNueThv  
 
[debug] [2018-10-06T02:36:01.252Z] <<< HTTP RESPONSE 200
[debug] [2018-10-06T02:36:01.257Z] >>> HTTP REQUEST GET https://cloudfunctions.googleapis.com/v1/operations/bGV0c2RheW91dC05NzgzZi91cy1jZW50cmFsMS9hZGRBY2NvdW50L1p6bXJhU0xQazNF  
 
[debug] [2018-10-06T02:36:01.274Z] <<< HTTP RESPONSE 200
[info] ✔  functions[getUserEvent(us-central1)]: Successful update operation. 
[debug] [2018-10-06T02:36:01.284Z] <<< HTTP RESPONSE 200
[debug] [2018-10-06T02:36:01.288Z] >>> HTTP REQUEST GET https://cloudfunctions.googleapis.com/v1/operations/bGV0c2RheW91dC05NzgzZi91cy1jZW50cmFsMS9hZGRFdmVudC9UazJhYWstWlEybw  
 
[debug] [2018-10-06T02:36:01.308Z] <<< HTTP RESPONSE 200
[debug] [2018-10-06T02:36:01.315Z] <<< HTTP RESPONSE 200
[info] ✔  functions[sign_up(us-central1)]: Successful update operation. 
[debug] [2018-10-06T02:36:01.334Z] >>> HTTP REQUEST GET https://cloudfunctions.googleapis.com/v1/operations/bGV0c2RheW91dC05NzgzZi91cy1jZW50cmFsMS9nZXRBbGxFeHBlcmllbmNlcy9iSUN1NmI3Nmo5dw  
 
[debug] [2018-10-06T02:36:01.349Z] >>> HTTP REQUEST GET https://cloudfunctions.googleapis.com/v1/operations/bGV0c2RheW91dC05NzgzZi91cy1jZW50cmFsMS9nZXRFdmVudEF0dGVuZGVlcy9TeEY3a3lSU0lIYw  
 
[debug] [2018-10-06T02:36:01.356Z] <<< HTTP RESPONSE 200
[debug] [2018-10-06T02:36:01.440Z] >>> HTTP REQUEST GET https://cloudfunctions.googleapis.com/v1/operations/bGV0c2RheW91dC05NzgzZi91cy1jZW50cmFsMS9hZGRBdHRlbmRlZS9hTWYxNnB0VGZwRQ  
 
[debug] [2018-10-06T02:36:01.478Z] <<< HTTP RESPONSE 200
[debug] [2018-10-06T02:36:01.521Z] <<< HTTP RESPONSE 200
[debug] [2018-10-06T02:36:01.558Z] <<< HTTP RESPONSE 200
[info] ✔  functions[addEvent(us-central1)]: Successful update operation. 
[debug] [2018-10-06T02:36:01.593Z] <<< HTTP RESPONSE 200
[debug] [2018-10-06T02:36:01.603Z] <<< HTTP RESPONSE 200
[debug] [2018-10-06T02:36:01.697Z] <<< HTTP RESPONSE 200
[debug] [2018-10-06T02:36:01.920Z] >>> HTTP REQUEST GET https://cloudfunctions.googleapis.com/v1/operations/bGV0c2RheW91dC05NzgzZi91cy1jZW50cmFsMS9nZXRVc2VyQXR0ZW5kZWVzL09pLUt6ZlJVRXJN  
 
[debug] [2018-10-06T02:36:01.940Z] >>> HTTP REQUEST GET https://cloudfunctions.googleapis.com/v1/operations/bGV0c2RheW91dC05NzgzZi91cy1jZW50cmFsMS9nZXRNeUV4cGVyaWVuY2VzLzBXX2I3dGx2M3ow  
 
[debug] [2018-10-06T02:36:01.942Z] >>> HTTP REQUEST GET https://cloudfunctions.googleapis.com/v1/operations/bGV0c2RheW91dC05NzgzZi91cy1jZW50cmFsMS9hZGRFeHBlcmllbmNlLzA1WklWY3hPQnVB  
 
[debug] [2018-10-06T02:36:01.977Z] >>> HTTP REQUEST GET https://cloudfunctions.googleapis.com/v1/operations/bGV0c2RheW91dC05NzgzZi91cy1jZW50cmFsMS9zaWduVXBVc2VyLzF6YnN2SGVRYmFz  
 
[debug] [2018-10-06T02:36:02.184Z] <<< HTTP RESPONSE 200
[info] ✔  functions[getUserAttendees(us-central1)]: Successful update operation. 
[debug] [2018-10-06T02:36:02.218Z] <<< HTTP RESPONSE 200
[debug] [2018-10-06T02:36:02.228Z] <<< HTTP RESPONSE 200
[debug] [2018-10-06T02:36:02.229Z] <<< HTTP RESPONSE 200
[debug] [2018-10-06T02:36:04.030Z] >>> HTTP REQUEST GET https://cloudfunctions.googleapis.com/v1/operations/bGV0c2RheW91dC05NzgzZi91cy1jZW50cmFsMS9oZWxsby9kVmNSNjFMM1hPQQ  
 
[debug] [2018-10-06T02:36:04.354Z] <<< HTTP RESPONSE 200
[debug] [2018-10-06T02:36:06.256Z] >>> HTTP REQUEST GET https://cloudfunctions.googleapis.com/v1/operations/bGV0c2RheW91dC05NzgzZi91cy1jZW50cmFsMS9jcmVhdGVDdXN0b21lci9sZHJBYjg1YXVOcw  
 
[debug] [2018-10-06T02:36:06.286Z] >>> HTTP REQUEST GET https://cloudfunctions.googleapis.com/v1/operations/bGV0c2RheW91dC05NzgzZi91cy1jZW50cmFsMS9nZXRVc2VyQWNjb3VudC94TnlmMm5kRGctZw  
 
[debug] [2018-10-06T02:36:06.310Z] >>> HTTP REQUEST GET https://cloudfunctions.googleapis.com/v1/operations/bGV0c2RheW91dC05NzgzZi91cy1jZW50cmFsMS90b1VwcGVyQ2FzZU5hbWUvOS0tOGhIR1REa0U  
 
[debug] [2018-10-06T02:36:06.357Z] >>> HTTP REQUEST GET https://cloudfunctions.googleapis.com/v1/operations/bGV0c2RheW91dC05NzgzZi91cy1jZW50cmFsMS9zYXZlQ2hhcmdlL0VJTkxqcUgwcmVj  
 
[debug] [2018-10-06T02:36:06.481Z] >>> HTTP REQUEST GET https://cloudfunctions.googleapis.com/v1/operations/bGV0c2RheW91dC05NzgzZi91cy1jZW50cmFsMS9nZXRVc2VyRXZlbnRzL0I3aTNFdDNueThv  
 
[debug] [2018-10-06T02:36:06.505Z] <<< HTTP RESPONSE 200
[debug] [2018-10-06T02:36:06.524Z] >>> HTTP REQUEST GET https://cloudfunctions.googleapis.com/v1/operations/bGV0c2RheW91dC05NzgzZi91cy1jZW50cmFsMS9hZGRBY2NvdW50L1p6bXJhU0xQazNF  
 
[debug] [2018-10-06T02:36:06.549Z] <<< HTTP RESPONSE 200
[debug] [2018-10-06T02:36:06.574Z] <<< HTTP RESPONSE 200
[info] ✔  functions[toUpperCaseName(us-central1)]: Successful update operation. 
[debug] [2018-10-06T02:36:06.595Z] >>> HTTP REQUEST GET https://cloudfunctions.googleapis.com/v1/operations/bGV0c2RheW91dC05NzgzZi91cy1jZW50cmFsMS9nZXRBbGxFeHBlcmllbmNlcy9iSUN1NmI3Nmo5dw  
 
[debug] [2018-10-06T02:36:06.604Z] >>> HTTP REQUEST GET https://cloudfunctions.googleapis.com/v1/operations/bGV0c2RheW91dC05NzgzZi91cy1jZW50cmFsMS9nZXRFdmVudEF0dGVuZGVlcy9TeEY3a3lSU0lIYw  
 
[debug] [2018-10-06T02:36:06.699Z] >>> HTTP REQUEST GET https://cloudfunctions.googleapis.com/v1/operations/bGV0c2RheW91dC05NzgzZi91cy1jZW50cmFsMS9hZGRBdHRlbmRlZS9hTWYxNnB0VGZwRQ  
 
[debug] [2018-10-06T02:36:06.810Z] <<< HTTP RESPONSE 200
[debug] [2018-10-06T02:36:06.811Z] <<< HTTP RESPONSE 200
[info] ✔  functions[getUserEvents(us-central1)]: Successful create operation. 
[info] Function URL (getUserEvents): https://us-central1-letsdayout-9783f.cloudfunctions.net/getUserEvents
[debug] [2018-10-06T02:36:06.815Z] <<< HTTP RESPONSE 200
[debug] [2018-10-06T02:36:06.840Z] <<< HTTP RESPONSE 200
[debug] [2018-10-06T02:36:06.877Z] <<< HTTP RESPONSE 200
[debug] [2018-10-06T02:36:07.123Z] <<< HTTP RESPONSE 200
[debug] [2018-10-06T02:36:07.221Z] >>> HTTP REQUEST GET https://cloudfunctions.googleapis.com/v1/operations/bGV0c2RheW91dC05NzgzZi91cy1jZW50cmFsMS9nZXRNeUV4cGVyaWVuY2VzLzBXX2I3dGx2M3ow  
 
[debug] [2018-10-06T02:36:07.229Z] >>> HTTP REQUEST GET https://cloudfunctions.googleapis.com/v1/operations/bGV0c2RheW91dC05NzgzZi91cy1jZW50cmFsMS9zaWduVXBVc2VyLzF6YnN2SGVRYmFz  
 
[debug] [2018-10-06T02:36:07.231Z] >>> HTTP REQUEST GET https://cloudfunctions.googleapis.com/v1/operations/bGV0c2RheW91dC05NzgzZi91cy1jZW50cmFsMS9hZGRFeHBlcmllbmNlLzA1WklWY3hPQnVB  
 
[debug] [2018-10-06T02:36:07.481Z] <<< HTTP RESPONSE 200
[debug] [2018-10-06T02:36:07.487Z] <<< HTTP RESPONSE 200
[debug] [2018-10-06T02:36:07.525Z] <<< HTTP RESPONSE 200
[info] ✔  functions[addExperience(us-central1)]: Successful update operation. 
[debug] [2018-10-06T02:36:09.358Z] >>> HTTP REQUEST GET https://cloudfunctions.googleapis.com/v1/operations/bGV0c2RheW91dC05NzgzZi91cy1jZW50cmFsMS9oZWxsby9kVmNSNjFMM1hPQQ  
 
[debug] [2018-10-06T02:36:09.682Z] <<< HTTP RESPONSE 200
